<?xml version="1.0" encoding="UTF-8"?>
<testng-results ignored="0" total="3" passed="3" failed="0" skipped="0">
  <reporter-output>
  </reporter-output>
  <suite started-at="2025-05-15T13:53:36 IST" name="Default suite" finished-at="2025-05-15T13:54:12 IST" duration-ms="35924">
    <groups>
    </groups>
    <test started-at="2025-05-15T13:53:36 IST" name="Default test" finished-at="2025-05-15T13:54:12 IST" duration-ms="35924">
      <class name="Functionalities_Test.UserRegistrationPage">
        <test-method is-config="true" signature="setup()[pri:0, instance:Functionalities_Test.UserRegistrationPage@710f4dc7]" started-at="2025-05-15T13:53:37 IST" name="setup" finished-at="2025-05-15T13:53:44 IST" duration-ms="7066" status="PASS">
          <reporter-output>
          </reporter-output>
        </test-method> <!-- setup -->
        <test-method signature="userRegistrationProcess(java.lang.String,java.lang.String,java.lang.String,java.lang.String,java.lang.String)[pri:0, instance:Functionalities_Test.UserRegistrationPage@710f4dc7]" started-at="2025-05-15T13:53:44 IST" name="userRegistrationProcess" data-provider="getData" finished-at="2025-05-15T13:53:46 IST" duration-ms="2160" status="PASS">
          <params>
            <param index="0">
              <value>
                <![CDATA[Deepak1]]>
              </value>
            </param>
            <param index="1">
              <value>
                <![CDATA[Patel12]]>
              </value>
            </param>
            <param index="2">
              <value>
                <![CDATA[dkp2@gmail.com]]>
              </value>
            </param>
            <param index="3">
              <value>
                <![CDATA[Deepak1@123]]>
              </value>
            </param>
            <param index="4">
              <value>
                <![CDATA[Deepak1@123]]>
              </value>
            </param>
          </params>
          <reporter-output>
          </reporter-output>
        </test-method> <!-- userRegistrationProcess -->
        <test-method is-config="true" signature="teardown()[pri:0, instance:Functionalities_Test.UserRegistrationPage@710f4dc7]" started-at="2025-05-15T13:53:46 IST" name="teardown" finished-at="2025-05-15T13:53:49 IST" duration-ms="2576" status="PASS">
          <reporter-output>
          </reporter-output>
        </test-method> <!-- teardown -->
        <test-method is-config="true" signature="setup()[pri:0, instance:Functionalities_Test.UserRegistrationPage@710f4dc7]" started-at="2025-05-15T13:53:49 IST" name="setup" finished-at="2025-05-15T13:53:55 IST" duration-ms="6144" status="PASS">
          <reporter-output>
          </reporter-output>
        </test-method> <!-- setup -->
        <test-method signature="userRegistrationProcess(java.lang.String,java.lang.String,java.lang.String,java.lang.String,java.lang.String)[pri:0, instance:Functionalities_Test.UserRegistrationPage@710f4dc7]" started-at="2025-05-15T13:53:55 IST" name="userRegistrationProcess" data-provider="getData" finished-at="2025-05-15T13:53:57 IST" duration-ms="1805" status="PASS">
          <params>
            <param index="0">
              <value>
                <![CDATA[Ram1]]>
              </value>
            </param>
            <param index="1">
              <value>
                <![CDATA[Patel12]]>
              </value>
            </param>
            <param index="2">
              <value>
                <![CDATA[ram2@gmail.com]]>
              </value>
            </param>
            <param index="3">
              <value>
                <![CDATA[Ram2@123]]>
              </value>
            </param>
            <param index="4">
              <value>
                <![CDATA[Ram2@123]]>
              </value>
            </param>
          </params>
          <reporter-output>
          </reporter-output>
        </test-method> <!-- userRegistrationProcess -->
        <test-method is-config="true" signature="teardown()[pri:0, instance:Functionalities_Test.UserRegistrationPage@710f4dc7]" started-at="2025-05-15T13:53:57 IST" name="teardown" finished-at="2025-05-15T13:53:59 IST" duration-ms="2838" status="PASS">
          <reporter-output>
          </reporter-output>
        </test-method> <!-- teardown -->
        <test-method is-config="true" signature="setup()[pri:0, instance:Functionalities_Test.UserRegistrationPage@710f4dc7]" started-at="2025-05-15T13:53:59 IST" name="setup" finished-at="2025-05-15T13:54:06 IST" duration-ms="6851" status="PASS">
          <reporter-output>
          </reporter-output>
        </test-method> <!-- setup -->
        <test-method signature="userRegistrationProcess(java.lang.String,java.lang.String,java.lang.String,java.lang.String,java.lang.String)[pri:0, instance:Functionalities_Test.UserRegistrationPage@710f4dc7]" started-at="2025-05-15T13:54:06 IST" name="userRegistrationProcess" data-provider="getData" finished-at="2025-05-15T13:54:09 IST" duration-ms="2729" status="PASS">
          <params>
            <param index="0">
              <value>
                <![CDATA[Kartik1]]>
              </value>
            </param>
            <param index="1">
              <value>
                <![CDATA[Paul12]]>
              </value>
            </param>
            <param index="2">
              <value>
                <![CDATA[Kartik2@gmail.com]]>
              </value>
            </param>
            <param index="3">
              <value>
                <![CDATA[Kartik2@123]]>
              </value>
            </param>
            <param index="4">
              <value>
                <![CDATA[Kartik2@123]]>
              </value>
            </param>
          </params>
          <reporter-output>
          </reporter-output>
        </test-method> <!-- userRegistrationProcess -->
        <test-method is-config="true" signature="teardown()[pri:0, instance:Functionalities_Test.UserRegistrationPage@710f4dc7]" started-at="2025-05-15T13:54:09 IST" name="teardown" finished-at="2025-05-15T13:54:12 IST" duration-ms="2582" status="PASS">
          <reporter-output>
          </reporter-output>
        </test-method> <!-- teardown -->
      </class> <!-- Functionalities_Test.UserRegistrationPage -->
    </test> <!-- Default test -->
  </suite> <!-- Default suite -->
</testng-results>
