<?xml version="1.0" encoding="UTF-8"?>
<!-- Generated by org.testng.reporters.JUnitXMLReporter -->
<testsuite ignored="0" hostname="DEEPAKPATEL" failures="0" tests="3" name="Default test" time="35.924" errors="0" timestamp="2025-05-15T13:54:12 IST">
  <testcase classname="Functionalities_Test.UserRegistrationPage" name="userRegistrationProcess" time="2.16"/>
  <testcase classname="Functionalities_Test.UserRegistrationPage" name="userRegistrationProcess" time="1.805"/>
  <testcase classname="Functionalities_Test.UserRegistrationPage" name="userRegistrationProcess" time="2.729"/>
</testsuite> <!-- Default test -->
